# JRE version: Java(TM) SE Runtime Environment Oracle GraalVM 17.0.12+8.1 (17.0.12+8) (build 17.0.12+8-LTS-jvmci-23.0-b41)
# Java VM: Java HotSpot(TM) 64-Bit Server VM Oracle GraalVM 17.0.12+8.1 (17.0.12+8-LTS-jvmci-23.0-b41, mixed mode, sharing, tiered, jvmci, jvmci compiler, compressed oops, compressed class ptrs, g1 gc, windows-amd64)
GC Precious Log:
 CPUs: 4 total, 4 available
 Memory: 12154M
 Large Page Support: Disabled
 NUMA Support: Disabled
 Compressed Oops: Enabled (32-bit)
 Heap Region Size: 1M
 Heap Min Capacity: 256M
 Heap Initial Capacity: 256M
 Heap Max Capacity: 512M
 Pre-touch: Disabled
 Parallel Workers: 4
 Concurrent Workers: 1
 Concurrent Refinement Workers: 4
 Periodic GC: Disabled
Heap:
 garbage-first heap   total 262144K, used 100932K [0x00000000e0000000, 0x0000000100000000)
  region size 1024K, 5 young (5120K), 1 survivors (1024K)
 Metaspace       used 64072K, committed 66176K, reserved 393216K
  class space    used 8175K, committed 8704K, reserved 327680K
GC Heap History (20 events):
Event: 1736.649 GC heap before
{Heap before GC invocations=48 (full 0):
 garbage-first heap   total 262144K, used 100165K [0x00000000e0000000, 0x0000000100000000)
  region size 1024K, 12 young (12288K), 1 survivors (1024K)
 Metaspace       used 64018K, committed 66112K, reserved 393216K
  class space    used 8170K, committed 8704K, reserved 327680K
}
Event: 1736.747 GC heap after
{Heap after GC invocations=49 (full 0):
 garbage-first heap   total 262144K, used 90179K [0x00000000e0000000, 0x0000000100000000)
  region size 1024K, 1 young (1024K), 1 survivors (1024K)
 Metaspace       used 64018K, committed 66112K, reserved 393216K
  class space    used 8170K, committed 8704K, reserved 327680K
}
Event: 1764.517 GC heap before
{Heap before GC invocations=49 (full 0):
 garbage-first heap   total 262144K, used 100419K [0x00000000e0000000, 0x0000000100000000)
  region size 1024K, 12 young (12288K), 1 survivors (1024K)
 Metaspace       used 64020K, committed 66112K, reserved 393216K
  class space    used 8170K, committed 8704K, reserved 327680K
}
Event: 1764.695 GC heap after
{Heap after GC invocations=50 (full 0):
 garbage-first heap   total 262144K, used 90885K [0x00000000e0000000, 0x0000000100000000)
  region size 1024K, 2 young (2048K), 2 survivors (2048K)
 Metaspace       used 64020K, committed 66112K, reserved 393216K
  class space    used 8170K, committed 8704K, reserved 327680K
}
Event: 1790.521 GC heap before
{Heap before GC invocations=50 (full 0):
 garbage-first heap   total 262144K, used 100101K [0x00000000e0000000, 0x0000000100000000)
  region size 1024K, 12 young (12288K), 2 survivors (2048K)
 Metaspace       used 64022K, committed 66112K, reserved 393216K
  class space    used 8170K, committed 8704K, reserved 327680K
}
Event: 1792.710 GC heap after
{Heap after GC invocations=51 (full 0):
 garbage-first heap   total 262144K, used 91297K [0x00000000e0000000, 0x0000000100000000)
  region size 1024K, 2 young (2048K), 2 survivors (2048K)
 Metaspace       used 64022K, committed 66112K, reserved 393216K
  class space    used 8170K, committed 8704K, reserved 327680K
}
Event: 1816.593 GC heap before
{Heap before GC invocations=51 (full 0):
 garbage-first heap   total 262144K, used 100513K [0x00000000e0000000, 0x0000000100000000)
  region size 1024K, 12 young (12288K), 2 survivors (2048K)
 Metaspace       used 64027K, committed 66112K, reserved 393216K
  class space    used 8170K, committed 8704K, reserved 327680K
}
Event: 1817.099 GC heap after
{Heap after GC invocations=52 (full 0):
 garbage-first heap   total 262144K, used 92121K [0x00000000e0000000, 0x0000000100000000)
  region size 1024K, 2 young (2048K), 2 survivors (2048K)
 Metaspace       used 64027K, committed 66112K, reserved 393216K
  class space    used 8170K, committed 8704K, reserved 327680K
}
Event: 1845.812 GC heap before
{Heap before GC invocations=52 (full 0):
 garbage-first heap   total 262144K, used 102361K [0x00000000e0000000, 0x0000000100000000)
  region size 1024K, 12 young (12288K), 2 survivors (2048K)
 Metaspace       used 64028K, committed 66112K, reserved 393216K
  class space    used 8170K, committed 8704K, reserved 327680K
}
Event: 1846.155 GC heap after
{Heap after GC invocations=53 (full 0):
 garbage-first heap   total 262144K, used 93400K [0x00000000e0000000, 0x0000000100000000)
  region size 1024K, 2 young (2048K), 2 survivors (2048K)
 Metaspace       used 64028K, committed 66112K, reserved 393216K
  class space    used 8170K, committed 8704K, reserved 327680K
}
Event: 1874.533 GC heap before
{Heap before GC invocations=53 (full 0):
 garbage-first heap   total 262144K, used 103640K [0x00000000e0000000, 0x0000000100000000)
  region size 1024K, 12 young (12288K), 2 survivors (2048K)
 Metaspace       used 64032K, committed 66112K, reserved 393216K
  class space    used 8170K, committed 8704K, reserved 327680K
}
Event: 1876.068 GC heap after
{Heap after GC invocations=54 (full 0):
 garbage-first heap   total 262144K, used 94078K [0x00000000e0000000, 0x0000000100000000)
  region size 1024K, 1 young (1024K), 1 survivors (1024K)
 Metaspace       used 64032K, committed 66112K, reserved 393216K
  class space    used 8170K, committed 8704K, reserved 327680K
}
Event: 1900.575 GC heap before
{Heap before GC invocations=54 (full 0):
 garbage-first heap   total 262144K, used 105342K [0x00000000e0000000, 0x0000000100000000)
  region size 1024K, 12 young (12288K), 1 survivors (1024K)
 Metaspace       used 64033K, committed 66112K, reserved 393216K
  class space    used 8170K, committed 8704K, reserved 327680K
}
Event: 1900.579 GC heap after
{Heap after GC invocations=55 (full 0):
 garbage-first heap   total 262144K, used 94143K [0x00000000e0000000, 0x0000000100000000)
  region size 1024K, 1 young (1024K), 1 survivors (1024K)
 Metaspace       used 64033K, committed 66112K, reserved 393216K
  class space    used 8170K, committed 8704K, reserved 327680K
}
Event: 1911.573 GC heap before
{Heap before GC invocations=55 (full 0):
 garbage-first heap   total 262144K, used 105407K [0x00000000e0000000, 0x0000000100000000)
  region size 1024K, 12 young (12288K), 1 survivors (1024K)
 Metaspace       used 64033K, committed 66112K, reserved 393216K
  class space    used 8170K, committed 8704K, reserved 327680K
}
Event: 1912.328 GC heap after
{Heap after GC invocations=56 (full 0):
 garbage-first heap   total 262144K, used 95571K [0x00000000e0000000, 0x0000000100000000)
  region size 1024K, 2 young (2048K), 2 survivors (2048K)
 Metaspace       used 64033K, committed 66112K, reserved 393216K
  class space    used 8170K, committed 8704K, reserved 327680K
}
Event: 1912.484 GC heap before
{Heap before GC invocations=56 (full 0):
 garbage-first heap   total 262144K, used 105811K [0x00000000e0000000, 0x0000000100000000)
  region size 1024K, 12 young (12288K), 2 survivors (2048K)
 Metaspace       used 64033K, committed 66112K, reserved 393216K
  class space    used 8170K, committed 8704K, reserved 327680K
}
Event: 1916.353 GC heap after
{Heap after GC invocations=57 (full 0):
 garbage-first heap   total 262144K, used 98088K [0x00000000e0000000, 0x0000000100000000)
  region size 1024K, 2 young (2048K), 2 survivors (2048K)
 Metaspace       used 64033K, committed 66112K, reserved 393216K
  class space    used 8170K, committed 8704K, reserved 327680K
}
Event: 2013.659 GC heap before
{Heap before GC invocations=57 (full 0):
 garbage-first heap   total 262144K, used 108328K [0x00000000e0000000, 0x0000000100000000)
  region size 1024K, 12 young (12288K), 2 survivors (2048K)
 Metaspace       used 64037K, committed 66112K, reserved 393216K
  class space    used 8170K, committed 8704K, reserved 327680K
}
Event: 2015.791 GC heap after
{Heap after GC invocations=58 (full 0):
 garbage-first heap   total 262144K, used 98884K [0x00000000e0000000, 0x0000000100000000)
  region size 1024K, 1 young (1024K), 1 survivors (1024K)
 Metaspace       used 64037K, committed 66112K, reserved 393216K
  class space    used 8170K, committed 8704K, reserved 327680K
}

