# JRE version: Java(TM) SE Runtime Environment (21.0.6+8) (build 21.0.6+8-LTS-188)
# Java VM: Java HotSpot(TM) 64-Bit Server VM (21.0.6+8-LTS-188, mixed mode, sharing, tiered, compressed oops, compressed class ptrs, g1 gc, windows-amd64)
GC Precious Log:
 CardTable entry size: 512
 Card Set container configuration: InlinePtr #cards 5 size 8 Array Of Cards #cards 12 size 40 Howl #buckets 4 coarsen threshold 1843 Howl Bitmap #cards 512 size 80 coarsen threshold 460 Card regions per heap region 1 cards per card region 2048
 CPUs: 12 total, 12 available
 Memory: 7813M
 Large Page Support: Disabled
 NUMA Support: Disabled
 Compressed Oops: Enabled (32-bit)
 Heap Region Size: 1M
 Heap Min Capacity: 256M
 Heap Initial Capacity: 256M
 Heap Max Capacity: 512M
 Pre-touch: Disabled
 Parallel Workers: 10
 Concurrent Workers: 3
 Concurrent Refinement Workers: 10
 Periodic GC: Disabled
Heap:
 garbage-first heap   total 262144K, used 88595K [0x00000000e0000000, 0x0000000100000000)
  region size 1024K, 31 young (31744K), 8 survivors (8192K)
 Metaspace       used 65438K, committed 67712K, reserved 393216K
  class space    used 9151K, committed 10304K, reserved 327680K
GC Heap History (18 events):
Event: 1.133 GC heap before
{Heap before GC invocations=0 (full 0):
 garbage-first heap   total 262144K, used 22528K [0x00000000e0000000, 0x0000000100000000)
  region size 1024K, 23 young (23552K), 0 survivors (0K)
 Metaspace       used 1095K, committed 1216K, reserved 393216K
  class space    used 77K, committed 128K, reserved 327680K
}
Event: 1.136 GC heap after
{Heap after GC invocations=1 (full 0):
 garbage-first heap   total 262144K, used 2429K [0x00000000e0000000, 0x0000000100000000)
  region size 1024K, 3 young (3072K), 3 survivors (3072K)
 Metaspace       used 1095K, committed 1216K, reserved 393216K
  class space    used 77K, committed 128K, reserved 327680K
}
Event: 2.767 GC heap before
{Heap before GC invocations=1 (full 0):
 garbage-first heap   total 262144K, used 41341K [0x00000000e0000000, 0x0000000100000000)
  region size 1024K, 39 young (39936K), 3 survivors (3072K)
 Metaspace       used 4468K, committed 4672K, reserved 393216K
  class space    used 545K, committed 640K, reserved 327680K
}
Event: 2.772 GC heap after
{Heap after GC invocations=2 (full 0):
 garbage-first heap   total 262144K, used 10827K [0x00000000e0000000, 0x0000000100000000)
  region size 1024K, 5 young (5120K), 5 survivors (5120K)
 Metaspace       used 4468K, committed 4672K, reserved 393216K
  class space    used 545K, committed 640K, reserved 327680K
}
Event: 4.068 GC heap before
{Heap before GC invocations=2 (full 0):
 garbage-first heap   total 262144K, used 62027K [0x00000000e0000000, 0x0000000100000000)
  region size 1024K, 53 young (54272K), 5 survivors (5120K)
 Metaspace       used 6415K, committed 6656K, reserved 393216K
  class space    used 834K, committed 960K, reserved 327680K
}
Event: 4.098 GC heap after
{Heap after GC invocations=3 (full 0):
 garbage-first heap   total 262144K, used 17528K [0x00000000e0000000, 0x0000000100000000)
  region size 1024K, 7 young (7168K), 7 survivors (7168K)
 Metaspace       used 6415K, committed 6656K, reserved 393216K
  class space    used 834K, committed 960K, reserved 327680K
}
Event: 7.578 GC heap before
{Heap before GC invocations=3 (full 0):
 garbage-first heap   total 262144K, used 103544K [0x00000000e0000000, 0x0000000100000000)
  region size 1024K, 92 young (94208K), 7 survivors (7168K)
 Metaspace       used 20905K, committed 21504K, reserved 393216K
  class space    used 2989K, committed 3264K, reserved 327680K
}
Event: 7.591 GC heap after
{Heap after GC invocations=4 (full 0):
 garbage-first heap   total 262144K, used 24165K [0x00000000e0000000, 0x0000000100000000)
  region size 1024K, 14 young (14336K), 14 survivors (14336K)
 Metaspace       used 20905K, committed 21504K, reserved 393216K
  class space    used 2989K, committed 3264K, reserved 327680K
}
Event: 12.500 GC heap before
{Heap before GC invocations=5 (full 0):
 garbage-first heap   total 262144K, used 135781K [0x00000000e0000000, 0x0000000100000000)
  region size 1024K, 120 young (122880K), 14 survivors (14336K)
 Metaspace       used 34988K, committed 36096K, reserved 393216K
  class space    used 4789K, committed 5312K, reserved 327680K
}
Event: 12.512 GC heap after
{Heap after GC invocations=6 (full 0):
 garbage-first heap   total 262144K, used 33747K [0x00000000e0000000, 0x0000000100000000)
  region size 1024K, 20 young (20480K), 20 survivors (20480K)
 Metaspace       used 34988K, committed 36096K, reserved 393216K
  class space    used 4789K, committed 5312K, reserved 327680K
}
Event: 24.541 GC heap before
{Heap before GC invocations=7 (full 0):
 garbage-first heap   total 262144K, used 170963K [0x00000000e0000000, 0x0000000100000000)
  region size 1024K, 153 young (156672K), 20 survivors (20480K)
 Metaspace       used 50069K, committed 51776K, reserved 393216K
  class space    used 7139K, committed 8000K, reserved 327680K
}
Event: 24.562 GC heap after
{Heap after GC invocations=8 (full 0):
 garbage-first heap   total 262144K, used 39905K [0x00000000e0000000, 0x0000000100000000)
  region size 1024K, 16 young (16384K), 16 survivors (16384K)
 Metaspace       used 50069K, committed 51776K, reserved 393216K
  class space    used 7139K, committed 8000K, reserved 327680K
}
Event: 36.052 GC heap before
{Heap before GC invocations=8 (full 0):
 garbage-first heap   total 262144K, used 163809K [0x00000000e0000000, 0x0000000100000000)
  region size 1024K, 139 young (142336K), 16 survivors (16384K)
 Metaspace       used 58397K, committed 60288K, reserved 393216K
  class space    used 8333K, committed 9280K, reserved 327680K
}
Event: 36.076 GC heap after
{Heap after GC invocations=9 (full 0):
 garbage-first heap   total 262144K, used 50823K [0x00000000e0000000, 0x0000000100000000)
  region size 1024K, 19 young (19456K), 19 survivors (19456K)
 Metaspace       used 58397K, committed 60288K, reserved 393216K
  class space    used 8333K, committed 9280K, reserved 327680K
}
Event: 40.556 GC heap before
{Heap before GC invocations=10 (full 0):
 garbage-first heap   total 262144K, used 188039K [0x00000000e0000000, 0x0000000100000000)
  region size 1024K, 153 young (156672K), 19 survivors (19456K)
 Metaspace       used 60291K, committed 62336K, reserved 393216K
  class space    used 8452K, committed 9472K, reserved 327680K
}
Event: 40.582 GC heap after
{Heap after GC invocations=11 (full 0):
 garbage-first heap   total 262144K, used 63552K [0x00000000e0000000, 0x0000000100000000)
  region size 1024K, 15 young (15360K), 15 survivors (15360K)
 Metaspace       used 60291K, committed 62336K, reserved 393216K
  class space    used 8452K, committed 9472K, reserved 327680K
}
Event: 70.411 GC heap before
{Heap before GC invocations=11 (full 0):
 garbage-first heap   total 262144K, used 203840K [0x00000000e0000000, 0x0000000100000000)
  region size 1024K, 153 young (156672K), 15 survivors (15360K)
 Metaspace       used 63509K, committed 65728K, reserved 393216K
  class space    used 8932K, committed 10048K, reserved 327680K
}
Event: 70.857 GC heap after
{Heap after GC invocations=12 (full 0):
 garbage-first heap   total 262144K, used 66067K [0x00000000e0000000, 0x0000000100000000)
  region size 1024K, 8 young (8192K), 8 survivors (8192K)
 Metaspace       used 63509K, committed 65728K, reserved 393216K
  class space    used 8932K, committed 10048K, reserved 327680K
}

